2023-03-16 10:11:06,496 INFO org.springframework.cloud.netflix.eureka.config.DiscoveryClientOptionalArgsConfiguration [restartedMain] Eureka HTTP Client uses RestTemplate.
2023-03-16 10:11:06,698 WARN org.springframework.cloud.loadbalancer.config.LoadBalancerCacheAutoConfiguration$LoadBalancerCaffeineWarnLogger [restartedMain] Spring Cloud LoadBalancer is currently working with the default cache. While this cache implementation is useful for development and tests, it's recommended to use Caffeine cache in production.You can switch to using Caffeine cache, by adding it and org.springframework.cache.caffeine.CaffeineCacheManager to the classpath.
2023-03-16 10:11:06,744 INFO org.springframework.cloud.netflix.eureka.InstanceInfoFactory [restartedMain] Setting initial instance status as: STARTING
2023-03-16 10:11:06,754 INFO com.netflix.discovery.DiscoveryClient [restartedMain] Initializing Eureka in region us-east-1
2023-03-16 10:11:06,754 INFO com.netflix.discovery.shared.resolver.aws.ConfigClusterResolver [restartedMain] Resolving eureka endpoints via configuration
2023-03-16 10:11:06,756 INFO com.netflix.discovery.DiscoveryClient [restartedMain] Disable delta property : false
2023-03-16 10:11:06,756 INFO com.netflix.discovery.DiscoveryClient [restartedMain] Single vip registry refresh property : null
2023-03-16 10:11:06,756 INFO com.netflix.discovery.DiscoveryClient [restartedMain] Force full registry fetch : false
2023-03-16 10:11:06,756 INFO com.netflix.discovery.DiscoveryClient [restartedMain] Application is null : false
2023-03-16 10:11:06,756 INFO com.netflix.discovery.DiscoveryClient [restartedMain] Registered Applications size is zero : true
2023-03-16 10:11:06,756 INFO com.netflix.discovery.DiscoveryClient [restartedMain] Application version is -1: true
2023-03-16 10:11:06,756 INFO com.netflix.discovery.DiscoveryClient [restartedMain] Getting all instance registry info from the eureka server
2023-03-16 10:11:06,770 INFO com.netflix.discovery.DiscoveryClient [restartedMain] The response status is 200
2023-03-16 10:11:06,771 INFO com.netflix.discovery.DiscoveryClient [restartedMain] Starting heartbeat executor: renew interval is: 30
2023-03-16 10:11:06,772 INFO com.netflix.discovery.InstanceInfoReplicator [restartedMain] InstanceInfoReplicator onDemand update allowed rate per min is 4
2023-03-16 10:11:06,773 INFO com.netflix.discovery.DiscoveryClient [restartedMain] Discovery Client initialized at timestamp 1678941666773 with initial instances count: 5
2023-03-16 10:11:06,779 INFO org.springframework.cloud.netflix.eureka.serviceregistry.EurekaServiceRegistry [restartedMain] Registering application SHOPPING CART with eureka with status UP
2023-03-16 10:11:06,779 INFO com.netflix.discovery.DiscoveryClient [restartedMain] Saw local status change event StatusChangeEvent [timestamp=1678941666779, current=UP, previous=STARTING]
2023-03-16 10:11:06,779 INFO com.netflix.discovery.DiscoveryClient [DiscoveryClient-InstanceInfoReplicator-0] DiscoveryClient_SHOPPING CART/inlen8520023835.corp.capgemini.com:Shopping Cart:4926: registering service...
2023-03-16 10:11:06,790 INFO org.springframework.boot.web.embedded.tomcat.TomcatWebServer [restartedMain] Tomcat started on port(s): 4926 (http) with context path ''
2023-03-16 10:11:06,791 INFO com.netflix.discovery.DiscoveryClient [DiscoveryClient-InstanceInfoReplicator-0] DiscoveryClient_SHOPPING CART/inlen8520023835.corp.capgemini.com:Shopping Cart:4926 - registration status: 204
2023-03-16 10:11:06,791 INFO org.springframework.cloud.netflix.eureka.serviceregistry.EurekaAutoServiceRegistration [restartedMain] Updating port to 4926
2023-03-16 10:11:06,916 INFO springfox.documentation.spring.web.plugins.DocumentationPluginsBootstrapper [restartedMain] Context refreshed
2023-03-16 10:11:06,917 INFO springfox.documentation.spring.web.plugins.DocumentationPluginsBootstrapper [restartedMain] Found 1 custom documentation plugin(s)
2023-03-16 10:11:06,923 INFO springfox.documentation.spring.web.scanners.ApiListingReferenceScanner [restartedMain] Scanning for api listing references
2023-03-16 10:11:06,975 INFO springfox.documentation.spring.web.readers.operation.CachingOperationNameGenerator [restartedMain] Generating unique operation named: openapiJsonUsingGET_1
2023-03-16 10:11:06,988 INFO com.eshopping.zone.ShoppingCartAuthorizationApplication [restartedMain] Started ShoppingCartAuthorizationApplication in 3.225 seconds (JVM running for 242405.891)
2023-03-16 10:11:06,991 INFO org.springframework.boot.devtools.autoconfigure.ConditionEvaluationDeltaLoggingListener [restartedMain] Condition evaluation unchanged
